Build started 11/21/2016 6:53:00 PM.
     1>Project "c:\Users\memidgety\documents\visual studio 2015\Projects\Physics2D_Engine\Physics2D_Engine\Physics2D_Engine.vcxproj" on node 2 (Build target(s)).
     1>Link:
         C:\Program Files (x86)\Microsoft Visual Studio 14.0\VC\bin\link.exe /ERRORREPORT:PROMPT /OUT:"c:\users\memidgety\documents\visual studio 2015\Projects\Physics2D_Engine\Debug\Physics2D_Engine.exe" /INCREMENTAL /NOLOGO /LIBPATH:"C:\Users\meMidgety\Documents\Visual Studio 2015\Projects\Physics2D_Engine\Physics2D_Engine\libs" glew32.lib glew32s.lib OpenGL32.Lib SDL2.lib SDL2main.lib SDL2test.lib kernel32.lib user32.lib gdi32.lib winspool.lib comdlg32.lib advapi32.lib shell32.lib ole32.lib oleaut32.lib uuid.lib odbc32.lib odbccp32.lib /MANIFEST /MANIFESTUAC:"level='asInvoker' uiAccess='false'" /manifest:embed /Debug /PDB:"c:\users\memidgety\documents\visual studio 2015\Projects\Physics2D_Engine\Debug\Physics2D_Engine.pdb" /SUBSYSTEM:CONSOLE /TLBID:1 /DYNAMICBASE /NXCOMPAT /IMPLIB:"c:\users\memidgety\documents\visual studio 2015\Projects\Physics2D_Engine\Debug\Physics2D_Engine.lib" /MACHINE:X86 Debug\Display.obj
         Debug\Source.obj
     1>Display.obj : error LNK2019: unresolved external symbol _SDL_CreateWindow referenced in function "public: __thiscall Display::Display(int,int,class std::basic_string<char,struct std::char_traits<char>,class std::allocator<char> > const &)" (??0Display@@QAE@HHABV?$basic_string@DU?$char_traits@D@std@@V?$allocator@D@2@@std@@@Z)
     1>Display.obj : error LNK2019: unresolved external symbol _SDL_DestroyWindow referenced in function "public: virtual __thiscall Display::~Display(void)" (??1Display@@UAE@XZ)
     1>Display.obj : error LNK2019: unresolved external symbol _SDL_GL_SetAttribute referenced in function "public: __thiscall Display::Display(int,int,class std::basic_string<char,struct std::char_traits<char>,class std::allocator<char> > const &)" (??0Display@@QAE@HHABV?$basic_string@DU?$char_traits@D@std@@V?$allocator@D@2@@std@@@Z)
     1>Display.obj : error LNK2019: unresolved external symbol _SDL_GL_CreateContext referenced in function "public: __thiscall Display::Display(int,int,class std::basic_string<char,struct std::char_traits<char>,class std::allocator<char> > const &)" (??0Display@@QAE@HHABV?$basic_string@DU?$char_traits@D@std@@V?$allocator@D@2@@std@@@Z)
     1>Display.obj : error LNK2019: unresolved external symbol _SDL_GL_SwapWindow referenced in function "public: void __thiscall Display::Update(void)" (?Update@Display@@QAEXXZ)
     1>Display.obj : error LNK2019: unresolved external symbol _SDL_GL_DeleteContext referenced in function "public: virtual __thiscall Display::~Display(void)" (??1Display@@UAE@XZ)
     1>Display.obj : error LNK2019: unresolved external symbol _SDL_PollEvent referenced in function "public: void __thiscall Display::Update(void)" (?Update@Display@@QAEXXZ)
     1>Display.obj : error LNK2019: unresolved external symbol _SDL_Init referenced in function "public: __thiscall Display::Display(int,int,class std::basic_string<char,struct std::char_traits<char>,class std::allocator<char> > const &)" (??0Display@@QAE@HHABV?$basic_string@DU?$char_traits@D@std@@V?$allocator@D@2@@std@@@Z)
     1>Display.obj : error LNK2019: unresolved external symbol _SDL_Quit referenced in function "public: virtual __thiscall Display::~Display(void)" (??1Display@@UAE@XZ)
     1>Display.obj : error LNK2019: unresolved external symbol __imp__glewInit@0 referenced in function "public: __thiscall Display::Display(int,int,class std::basic_string<char,struct std::char_traits<char>,class std::allocator<char> > const &)" (??0Display@@QAE@HHABV?$basic_string@DU?$char_traits@D@std@@V?$allocator@D@2@@std@@@Z)
     1>MSVCRTD.lib(exe_main.obj) : error LNK2019: unresolved external symbol _main referenced in function "int __cdecl invoke_main(void)" (?invoke_main@@YAHXZ)
     1>C:\Users\meMidgety\Documents\Visual Studio 2015\Projects\Physics2D_Engine\Physics2D_Engine\libs\glew32.lib : warning LNK4272: library machine type 'x64' conflicts with target machine type 'X86'
     1>C:\Users\meMidgety\Documents\Visual Studio 2015\Projects\Physics2D_Engine\Physics2D_Engine\libs\glew32s.lib : warning LNK4272: library machine type 'x64' conflicts with target machine type 'X86'
     1>C:\Users\meMidgety\Documents\Visual Studio 2015\Projects\Physics2D_Engine\Physics2D_Engine\libs\SDL2.lib : warning LNK4272: library machine type 'x64' conflicts with target machine type 'X86'
     1>C:\Users\meMidgety\Documents\Visual Studio 2015\Projects\Physics2D_Engine\Physics2D_Engine\libs\SDL2main.lib : warning LNK4272: library machine type 'x64' conflicts with target machine type 'X86'
     1>C:\Users\meMidgety\Documents\Visual Studio 2015\Projects\Physics2D_Engine\Physics2D_Engine\libs\SDL2test.lib : warning LNK4272: library machine type 'x64' conflicts with target machine type 'X86'
     1>c:\users\memidgety\documents\visual studio 2015\Projects\Physics2D_Engine\Debug\Physics2D_Engine.exe : fatal error LNK1120: 11 unresolved externals
     1>Done Building Project "c:\Users\memidgety\documents\visual studio 2015\Projects\Physics2D_Engine\Physics2D_Engine\Physics2D_Engine.vcxproj" (Build target(s)) -- FAILED.

Build FAILED.

Time Elapsed 00:00:00.47
